<?xml version="1.0" encoding="UTF-8"?>
<testsuite xmlns:xsi="http://www.w3.org/2001/XMLSchema-instance" xsi:noNamespaceSchemaLocation="https://maven.apache.org/surefire/maven-surefire-plugin/xsd/surefire-test-report-3.0.xsd" version="3.0" name="TestSuite" time="37.482" tests="1" errors="0" skipped="0" failures="0">
  <properties>
[...]
</properties>
  <testcase name="bklinks" classname="test_class_package.broken_link_test_class" time="21.672">
    <system-out><![CDATA[ INFO [main] (base_class.java:40)- open website
total links-->84
active links -->42
301-->http://www.automationtesting.in/---> the link is valid
200-->https://demo.automationtesting.in/Index.html---> the link is valid
200-->https://demo.automationtesting.in/Register.html---> the link is valid
200-->https://demo.automationtesting.in/WebTable.html---> the link is valid
404-->https://demo.automationtesting.in/SwitchTo.html---> the link is broken
200-->https://demo.automationtesting.in/Alerts.html---> the link is valid
200-->https://demo.automationtesting.in/Windows.html---> the link is valid
200-->https://demo.automationtesting.in/Frames.html---> the link is valid
404-->https://demo.automationtesting.in/Widgets.html---> the link is broken
200-->https://demo.automationtesting.in/Accordion.html---> the link is valid
200-->https://demo.automationtesting.in/AutoComplete.html---> the link is valid
200-->https://demo.automationtesting.in/Datepicker.html---> the link is valid
200-->https://demo.automationtesting.in/Slider.html---> the link is valid
404-->https://demo.automationtesting.in/Interactions.html---> the link is broken
200-->https://demo.automationtesting.in/Static.html---> the link is valid
200-->https://demo.automationtesting.in/Dynamic.html---> the link is valid
200-->https://demo.automationtesting.in/Selectable.html---> the link is valid
200-->https://demo.automationtesting.in/Resizable.html---> the link is valid
404-->https://demo.automationtesting.in/SwitchTo.html---> the link is broken
200-->https://demo.automationtesting.in/Youtube.html---> the link is valid
200-->https://demo.automationtesting.in/Vimeo.html---> the link is valid
404-->https://demo.automationtesting.in/WYSIWYG.html---> the link is broken
200-->https://demo.automationtesting.in/TinyMCE.html---> the link is valid
200-->https://demo.automationtesting.in/CKEditor.html---> the link is valid
200-->https://demo.automationtesting.in/SummerNote.html---> the link is valid
200-->https://demo.automationtesting.in/CodeMirror.html---> the link is valid
200-->https://demo.automationtesting.in/Register.html#---> the link is valid
200-->https://demo.automationtesting.in/Charts.html---> the link is valid
200-->https://demo.automationtesting.in/DynamicData.html---> the link is valid
200-->https://demo.automationtesting.in/FileDownload.html---> the link is valid
200-->https://demo.automationtesting.in/FileUpload.html---> the link is valid
200-->https://demo.automationtesting.in/JqueryProgressBar.html---> the link is valid
200-->https://demo.automationtesting.in/Loader.html---> the link is valid
200-->https://demo.automationtesting.in/Modals.html---> the link is valid
200-->https://demo.automationtesting.in/ProgressBar.html---> the link is valid
301-->http://practice.automationtesting.in/---> the link is valid
200-->https://demo.automationtesting.in/Register.html#---> the link is valid
200-->https://www.facebook.com/automationtesting2016/---> the link is valid
302-->https://twitter.com/krishnasakinala---> the link is valid
200-->https://www.linkedin.com/nhome/?trk=hb_signin---> the link is valid
302-->https://plus.google.com/105286300926085335367---> the link is valid
200-->https://www.youtube.com/channel/UCmQRa3pWM9zsB474URz8ESg---> the link is valid
total number of crashlink is---->5
]]></system-out>
    <system-err><![CDATA[SLF4J: No SLF4J providers were found.
SLF4J: Defaulting to no-operation (NOP) logger implementation
SLF4J: See https://www.slf4j.org/codes.html#noProviders for further details.
Aug 05, 2023 9:15:05 PM org.openqa.selenium.remote.service.DriverService$Builder getLogOutput
INFO: Driver logs no longer sent to console by default; https://www.selenium.dev/documentation/webdriver/drivers/service/#setting-log-output
ERROR StatusLogger Log4j2 could not find a logging implementation. Please add log4j-core to the classpath. Using SimpleLogger to log to the console...
Aug 05, 2023 9:15:12 PM org.openqa.selenium.devtools.CdpVersionFinder findNearestMatch
WARNING: Unable to find an exact match for CDP version 115, so returning the closest version found: 114
]]></system-err>
  </testcase>
</testsuite>