<?xml version="1.0" encoding="UTF-8"?>
<testng-results ignored="0" total="1" passed="1" failed="0" skipped="0">
  <reporter-output>
  </reporter-output>
  <suite started-at="2023-08-05T21:15:04 IST" name="Suite" finished-at="2023-08-05T21:15:40 IST" duration-ms="36046">
    <groups>
    </groups>
    <test started-at="2023-08-05T21:15:04 IST" name="Test" finished-at="2023-08-05T21:15:40 IST" duration-ms="36046">
      <class name="test_class_package.broken_link_test_class">
        <test-method is-config="true" signature="openbrowser(java.lang.String)[pri:0, instance:test_class_package.broken_link_test_class@1df8b5b8]" started-at="2023-08-05T21:15:04 IST" name="openbrowser" finished-at="2023-08-05T21:15:18 IST" duration-ms="14002" status="PASS">
          <params>
            <param index="0">
              <value>
                <![CDATA[chrome]]>
              </value>
            </param>
          </params>
          <reporter-output>
          </reporter-output>
        </test-method> <!-- openbrowser -->
        <test-method signature="bklinks()[pri:0, instance:test_class_package.broken_link_test_class@1df8b5b8]" started-at="2023-08-05T21:15:18 IST" name="bklinks" finished-at="2023-08-05T21:15:40 IST" duration-ms="21661" status="PASS">
          <reporter-output>
          </reporter-output>
        </test-method> <!-- bklinks -->
        <test-method is-config="true" signature="closebrowser()[pri:0, instance:test_class_package.broken_link_test_class@1df8b5b8]" started-at="2023-08-05T21:15:40 IST" name="closebrowser" finished-at="2023-08-05T21:15:40 IST" duration-ms="307" status="PASS">
          <reporter-output>
          </reporter-output>
        </test-method> <!-- closebrowser -->
      </class> <!-- test_class_package.broken_link_test_class -->
    </test> <!-- Test -->
  </suite> <!-- Suite -->
</testng-results>
