<?xml version="1.0" encoding="UTF-8"?>
<testng-results ignored="0" total="1" passed="1" failed="0" skipped="0">
  <reporter-output>
  </reporter-output>
  <suite started-at="2023-08-06T15:44:23 IST" name="Suite" finished-at="2023-08-06T15:44:32 IST" duration-ms="9697">
    <groups>
    </groups>
    <test started-at="2023-08-06T15:44:23 IST" name="Test" finished-at="2023-08-06T15:44:32 IST" duration-ms="9697">
      <class name="test_class_package.new_readconfig_class">
        <test-method is-config="true" signature="openbrowser(java.lang.String)[pri:0, instance:test_class_package.new_readconfig_class@1349883]" started-at="2023-08-06T15:44:23 IST" name="openbrowser" finished-at="2023-08-06T15:44:32 IST" duration-ms="8963" status="PASS">
          <params>
            <param index="0">
              <value>
                <![CDATA[chrome]]>
              </value>
            </param>
          </params>
          <reporter-output>
          </reporter-output>
        </test-method> <!-- openbrowser -->
        <test-method signature="readcommandata()[pri:0, instance:test_class_package.new_readconfig_class@1349883]" started-at="2023-08-06T15:44:32 IST" name="readcommandata" finished-at="2023-08-06T15:44:32 IST" duration-ms="359" status="PASS">
          <reporter-output>
          </reporter-output>
        </test-method> <!-- readcommandata -->
        <test-method is-config="true" signature="closebrowser()[pri:0, instance:test_class_package.new_readconfig_class@1349883]" started-at="2023-08-06T15:44:32 IST" name="closebrowser" finished-at="2023-08-06T15:44:32 IST" duration-ms="302" status="PASS">
          <reporter-output>
          </reporter-output>
        </test-method> <!-- closebrowser -->
      </class> <!-- test_class_package.new_readconfig_class -->
    </test> <!-- Test -->
  </suite> <!-- Suite -->
</testng-results>
